<?xml version="1.0" encoding="UTF-8"?>
<!-- Generated by org.testng.reporters.JUnitReportReporter -->
<testsuite hostname="FPNTOMEMKL" failures="0" tests="1" name="test.UltimateQATests" time="24.056" errors="0" timestamp="2021-11-03T00:04:01 SAST" skipped="0">
  <testcase classname="test.UltimateQATests" name="launchBrowser" time="24.056"/>
  <system-out/>
</testsuite> <!-- test.UltimateQATests -->
